# JRE version: Java(TM) SE Runtime Environment (8.0_65-b17) (build 1.8.0_65-b17)
# Java VM: Java HotSpot(TM) 64-Bit Server VM (25.65-b01 mixed mode windows-amd64 compressed oops)
Heap:
 PSYoungGen      total 196608K, used 25204K [0x000000076b100000, 0x0000000778180000, 0x00000007c0000000)
  eden space 184320K, 13% used [0x000000076b100000,0x000000076c99d078,0x0000000776500000)
  from space 12288K, 0% used [0x0000000777180000,0x0000000777180000,0x0000000777d80000)
  to   space 12800K, 0% used [0x0000000776500000,0x0000000776500000,0x0000000777180000)
 ParOldGen       total 93696K, used 11819K [0x00000006c1200000, 0x00000006c6d80000, 0x000000076b100000)
  object space 93696K, 12% used [0x00000006c1200000,0x00000006c1d8ad20,0x00000006c6d80000)
 Metaspace       used 37104K, capacity 37392K, committed 37720K, reserved 1081344K
  class space    used 4795K, capacity 4900K, committed 4992K, reserved 1048576K
GC Heap History (10 events):
Event: 25.510 GC heap before
{Heap before GC invocations=8 (full 1):
 PSYoungGen      total 73216K, used 67879K [0x000000076b100000, 0x0000000770700000, 0x00000007c0000000)
  eden space 62464K, 100% used [0x000000076b100000,0x000000076ee00000,0x000000076ee00000)
  from space 10752K, 50% used [0x000000076fc80000,0x00000007701c9e68,0x0000000770700000)
  to   space 12800K, 0% used [0x000000076ee00000,0x000000076ee00000,0x000000076fa80000)
 ParOldGen       total 74240K, used 6294K [0x00000006c1200000, 0x00000006c5a80000, 0x000000076b100000)
  object space 74240K, 8% used [0x00000006c1200000,0x00000006c1825990,0x00000006c5a80000)
 Metaspace       used 29221K, capacity 29452K, committed 29824K, reserved 1075200K
  class space    used 3862K, capacity 3927K, committed 3968K, reserved 1048576K
Event: 25.522 GC heap after
Heap after GC invocations=8 (full 1):
 PSYoungGen      total 75264K, used 6294K [0x000000076b100000, 0x0000000773d00000, 0x00000007c0000000)
  eden space 62464K, 0% used [0x000000076b100000,0x000000076b100000,0x000000076ee00000)
  from space 12800K, 49% used [0x000000076ee00000,0x000000076f425a50,0x000000076fa80000)
  to   space 12288K, 0% used [0x0000000773100000,0x0000000773100000,0x0000000773d00000)
 ParOldGen       total 74240K, used 6302K [0x00000006c1200000, 0x00000006c5a80000, 0x000000076b100000)
  object space 74240K, 8% used [0x00000006c1200000,0x00000006c1827990,0x00000006c5a80000)
 Metaspace       used 29221K, capacity 29452K, committed 29824K, reserved 1075200K
  class space    used 3862K, capacity 3927K, committed 3968K, reserved 1048576K
}
Event: 26.046 GC heap before
{Heap before GC invocations=9 (full 1):
 PSYoungGen      total 75264K, used 68758K [0x000000076b100000, 0x0000000773d00000, 0x00000007c0000000)
  eden space 62464K, 100% used [0x000000076b100000,0x000000076ee00000,0x000000076ee00000)
  from space 12800K, 49% used [0x000000076ee00000,0x000000076f425a50,0x000000076fa80000)
  to   space 12288K, 0% used [0x0000000773100000,0x0000000773100000,0x0000000773d00000)
 ParOldGen       total 74240K, used 6302K [0x00000006c1200000, 0x00000006c5a80000, 0x000000076b100000)
  object space 74240K, 8% used [0x00000006c1200000,0x00000006c1827990,0x00000006c5a80000)
 Metaspace       used 31850K, capacity 32152K, committed 32512K, reserved 1077248K
  class space    used 4232K, capacity 4313K, committed 4352K, reserved 1048576K
Event: 26.071 GC heap after
Heap after GC invocations=9 (full 1):
 PSYoungGen      total 130560K, used 8911K [0x000000076b100000, 0x0000000774080000, 0x00000007c0000000)
  eden space 118272K, 0% used [0x000000076b100000,0x000000076b100000,0x0000000772480000)
  from space 12288K, 72% used [0x0000000773100000,0x00000007739b3e30,0x0000000773d00000)
  to   space 12800K, 0% used [0x0000000772480000,0x0000000772480000,0x0000000773100000)
 ParOldGen       total 74240K, used 6310K [0x00000006c1200000, 0x00000006c5a80000, 0x000000076b100000)
  object space 74240K, 8% used [0x00000006c1200000,0x00000006c1829990,0x00000006c5a80000)
 Metaspace       used 31850K, capacity 32152K, committed 32512K, reserved 1077248K
  class space    used 4232K, capacity 4313K, committed 4352K, reserved 1048576K
}
Event: 27.175 GC heap before
{Heap before GC invocations=10 (full 1):
 PSYoungGen      total 130560K, used 127183K [0x000000076b100000, 0x0000000774080000, 0x00000007c0000000)
  eden space 118272K, 100% used [0x000000076b100000,0x0000000772480000,0x0000000772480000)
  from space 12288K, 72% used [0x0000000773100000,0x00000007739b3e30,0x0000000773d00000)
  to   space 12800K, 0% used [0x0000000772480000,0x0000000772480000,0x0000000773100000)
 ParOldGen       total 74240K, used 6310K [0x00000006c1200000, 0x00000006c5a80000, 0x000000076b100000)
  object space 74240K, 8% used [0x00000006c1200000,0x00000006c1829990,0x00000006c5a80000)
 Metaspace       used 34600K, capacity 34870K, committed 35200K, reserved 1079296K
  class space    used 4541K, capacity 4638K, committed 4736K, reserved 1048576K
Event: 27.188 GC heap after
Heap after GC invocations=10 (full 1):
 PSYoungGen      total 131072K, used 6589K [0x000000076b100000, 0x0000000777d80000, 0x00000007c0000000)
  eden space 118272K, 0% used [0x000000076b100000,0x000000076b100000,0x0000000772480000)
  from space 12800K, 51% used [0x0000000772480000,0x0000000772aef6c0,0x0000000773100000)
  to   space 12288K, 0% used [0x0000000777180000,0x0000000777180000,0x0000000777d80000)
 ParOldGen       total 74240K, used 10439K [0x00000006c1200000, 0x00000006c5a80000, 0x000000076b100000)
  object space 74240K, 14% used [0x00000006c1200000,0x00000006c1c31d60,0x00000006c5a80000)
 Metaspace       used 34600K, capacity 34870K, committed 35200K, reserved 1079296K
  class space    used 4541K, capacity 4638K, committed 4736K, reserved 1048576K
}
Event: 27.239 GC heap before
{Heap before GC invocations=11 (full 1):
 PSYoungGen      total 131072K, used 14752K [0x000000076b100000, 0x0000000777d80000, 0x00000007c0000000)
  eden space 118272K, 6% used [0x000000076b100000,0x000000076b8f8d28,0x0000000772480000)
  from space 12800K, 51% used [0x0000000772480000,0x0000000772aef6c0,0x0000000773100000)
  to   space 12288K, 0% used [0x0000000777180000,0x0000000777180000,0x0000000777d80000)
 ParOldGen       total 74240K, used 10439K [0x00000006c1200000, 0x00000006c5a80000, 0x000000076b100000)
  object space 74240K, 14% used [0x00000006c1200000,0x00000006c1c31d60,0x00000006c5a80000)
 Metaspace       used 34910K, capacity 35158K, committed 35416K, reserved 1079296K
  class space    used 4580K, capacity 4670K, committed 4736K, reserved 1048576K
Event: 27.248 GC heap after
Heap after GC invocations=11 (full 1):
 PSYoungGen      total 196608K, used 1805K [0x000000076b100000, 0x0000000778180000, 0x00000007c0000000)
  eden space 184320K, 0% used [0x000000076b100000,0x000000076b100000,0x0000000776500000)
  from space 12288K, 14% used [0x0000000777180000,0x0000000777343768,0x0000000777d80000)
  to   space 12800K, 0% used [0x0000000776500000,0x0000000776500000,0x0000000777180000)
 ParOldGen       total 74240K, used 12769K [0x00000006c1200000, 0x00000006c5a80000, 0x000000076b100000)
  object space 74240K, 17% used [0x00000006c1200000,0x00000006c1e785f8,0x00000006c5a80000)
 Metaspace       used 34910K, capacity 35158K, committed 35416K, reserved 1079296K
  class space    used 4580K, capacity 4670K, committed 4736K, reserved 1048576K
}
Event: 27.248 GC heap before
{Heap before GC invocations=12 (full 2):
 PSYoungGen      total 196608K, used 1805K [0x000000076b100000, 0x0000000778180000, 0x00000007c0000000)
  eden space 184320K, 0% used [0x000000076b100000,0x000000076b100000,0x0000000776500000)
  from space 12288K, 14% used [0x0000000777180000,0x0000000777343768,0x0000000777d80000)
  to   space 12800K, 0% used [0x0000000776500000,0x0000000776500000,0x0000000777180000)
 ParOldGen       total 74240K, used 12769K [0x00000006c1200000, 0x00000006c5a80000, 0x000000076b100000)
  object space 74240K, 17% used [0x00000006c1200000,0x00000006c1e785f8,0x00000006c5a80000)
 Metaspace       used 34910K, capacity 35158K, committed 35416K, reserved 1079296K
  class space    used 4580K, capacity 4670K, committed 4736K, reserved 1048576K
Event: 27.346 GC heap after
Heap after GC invocations=12 (full 2):
 PSYoungGen      total 196608K, used 0K [0x000000076b100000, 0x0000000778180000, 0x00000007c0000000)
  eden space 184320K, 0% used [0x000000076b100000,0x000000076b100000,0x0000000776500000)
  from space 12288K, 0% used [0x0000000777180000,0x0000000777180000,0x0000000777d80000)
  to   space 12800K, 0% used [0x0000000776500000,0x0000000776500000,0x0000000777180000)
 ParOldGen       total 93696K, used 11819K [0x00000006c1200000, 0x00000006c6d80000, 0x000000076b100000)
  object space 93696K, 12% used [0x00000006c1200000,0x00000006c1d8ad20,0x00000006c6d80000)
 Metaspace       used 34910K, capacity 35158K, committed 35416K, reserved 1079296K
  class space    used 4580K, capacity 4670K, committed 4736K, reserved 1048576K
}

